Build started 2017/12/20 19:37:05.
     1>Project "D:\BackUp\Visual Studio 2013\Projects\AutonomousDrivingPlanning\Planning\Planning.vcxproj" on node 2 (Build target(s)).
     1>ClCompile:
         C:\Program Files (x86)\Microsoft Visual Studio 12.0\VC\bin\CL.exe /c /I"D:\wsy\OpenCV-2.1.0\build\include" /I..\lib\tinyxml /I..\header_msg /ID:\cmake\boost_1_60_0 /I"C:\msys32\mingw32\lib\glib-2.0\include" /I"C:\msys32\mingw32\include\glib-2.0" /I"C:\Program Files (x86)\lcm\include" /I.\GeneratedFiles /I. /ID:\Qt\Qt5.5.1\5.5\msvc2013\include /I.\GeneratedFiles\Release /ID:\Qt\Qt5.5.1\5.5\msvc2013\include\QtCore /ID:\Qt\Qt5.5.1\5.5\msvc2013\include\QtGui /ID:\Qt\Qt5.5.1\5.5\msvc2013\include\QtNetwork /ID:\Qt\Qt5.5.1\5.5\msvc2013\include\QtWidgets /ID:\Qt\Qt5.5.1\5.5\msvc2013\include\QtXml /nologo /W1 /WX- /O2 /Oy- /D UNICODE /D WIN32 /D WIN64 /D QT_DLL /D QT_NO_DEBUG /D NDEBUG /D QT_CORE_LIB /D QT_GUI_LIB /D QT_NETWORK_LIB /D QT_WIDGETS_LIB /D QT_XML_LIB /Gm- /EHsc /MD /GS /fp:precise /Zc:wchar_t /Zc:forScope /Fo"Release\\" /Fd"Release\vc120.pdb" /Gd /TP /analyze- /errorReport:prompt GeneratedFiles\Release\moc_mainwindow.cpp QtGraphicDraw.cpp main.cpp mainwindow.cpp
         moc_mainwindow.cpp
         QtGraphicDraw.cpp
         main.cpp
         mainwindow.cpp
         Generating Code...
       Link:
         C:\Program Files (x86)\Microsoft Visual Studio 12.0\VC\bin\link.exe /ERRORREPORT:PROMPT /OUT:"D:\BackUp\Visual Studio 2013\Projects\AutonomousDrivingPlanning\Win32\Release\\Planning.exe" /NOLOGO /LIBPATH:"D:\wsy\OpenCV-2.1.0\build\lib" /LIBPATH:..\lib\tinyxml /LIBPATH:..\lib\CoordinateTrans /LIBPATH:"C:\Program Files (x86)\lcm\lib" /LIBPATH:"C:\Program Files (x86)\lcm\bin" /LIBPATH:C:\msys32\mingw32\bin /LIBPATH:C:\msys32\mingw32\lib /LIBPATH:D:\cmake\boost_1_60_0\stage\lib /LIBPATH:D:\Qt\Qt5.5.1\5.5\msvc2013\lib qtmain.lib Qt5Core.lib Qt5Gui.lib Qt5Network.lib Qt5Widgets.lib Qt5Xml.lib lcm.lib CoordinateTrans.lib "C:\msys32\mingw32\lib\libglib-2.0.dll.a" cv210.lib cxcore210.lib highgui210.lib tinyxml2.lib kernel32.lib user32.lib gdi32.lib winspool.lib comdlg32.lib advapi32.lib shell32.lib ole32.lib oleaut32.lib uuid.lib odbc32.lib odbccp32.lib /MANIFEST /MANIFESTUAC:"level='asInvoker' uiAccess='false'" /manifest:embed /PDB:"D:\BackUp\Visual Studio 2013\Projects\AutonomousDrivingPlanning\Win32\Release\Planning.pdb" /SUBSYSTEM:CONSOLE /TLBID:1 /DYNAMICBASE /NXCOMPAT /IMPLIB:"D:\BackUp\Visual Studio 2013\Projects\AutonomousDrivingPlanning\Win32\Release\Planning.lib" /MACHINE:X86 /SAFESEH Release\qrc_mainwindow.obj
         Release\moc_mainwindow.obj
         Release\moc_VehPlanning.obj
         Release\main.obj
         Release\mainwindow.obj
         Release\MapGraph.obj
         Release\NavigationPathPlanner.obj
         Release\PerceptionLines.obj
         Release\PerceptionObstacles.obj
         Release\QtGraphicDraw.obj
         Release\RTKInfo.obj
         Release\SceneSpeedPlanner.obj
         Release\VehControl.obj
         Release\VehicleInfo.obj
         Release\VehPlanning.obj
         Planning.vcxproj -> D:\BackUp\Visual Studio 2013\Projects\AutonomousDrivingPlanning\Win32\Release\Planning.exe
     1>Done Building Project "D:\BackUp\Visual Studio 2013\Projects\AutonomousDrivingPlanning\Planning\Planning.vcxproj" (Build target(s)).

Build succeeded.

Time Elapsed 00:00:15.97
