Build started 2017/12/21 15:40:13.
     1>Project "D:\BackUp\Visual Studio 2013\Projects\AutonomousDrivingPlanning\LineProcess\LineProcess.vcxproj" on node 2 (Build target(s)).
     1>ClCompile:
         C:\Program Files (x86)\Microsoft Visual Studio 12.0\VC\bin\CL.exe /c /I"D:\wsy\OpenCV-2.1.0\build\include" /I..\header_msg /I..\lib\tinyxml /I"C:\msys32\mingw32\include\glib-2.0" /I"C:\msys32\mingw32\lib\glib-2.0\include" /I"C:\Program Files (x86)\lcm\include" /ID:\cmake\boost_1_60_0 /Zi /nologo /W3 /WX- /sdl /O2 /Oi /Oy- /GL /D WIN32 /D NDEBUG /D _CONSOLE /D _LIB /D _UNICODE /D UNICODE /Gm- /EHsc /MD /GS /Gy /fp:precise /Zc:wchar_t /Zc:forScope /Fo"Release\\" /Fd"Release\vc120.pdb" /Gd /TP /analyze- /errorReport:prompt LCMHandler.cpp LCMSubscriber.cpp LineProcessor.cpp main.cpp
         LCMHandler.cpp
     1>d:\wsy\opencv-2.1.0\build\include\opencv\cvcompat.h(803): warning C4819: The file contains a character that cannot be represented in the current code page (936). Save the file in Unicode format to prevent data loss
     1>d:\backup\visual studio 2013\projects\autonomousdrivingplanning\lineprocess\MAP.h : warning C4819: The file contains a character that cannot be represented in the current code page (936). Save the file in Unicode format to prevent data loss
         LCMSubscriber.cpp
     1>d:\wsy\opencv-2.1.0\build\include\opencv\cvcompat.h(803): warning C4819: The file contains a character that cannot be represented in the current code page (936). Save the file in Unicode format to prevent data loss
     1>d:\backup\visual studio 2013\projects\autonomousdrivingplanning\lineprocess\MAP.h : warning C4819: The file contains a character that cannot be represented in the current code page (936). Save the file in Unicode format to prevent data loss
         LineProcessor.cpp
     1>d:\wsy\opencv-2.1.0\build\include\opencv\cvcompat.h(803): warning C4819: The file contains a character that cannot be represented in the current code page (936). Save the file in Unicode format to prevent data loss
     1>d:\backup\visual studio 2013\projects\autonomousdrivingplanning\lineprocess\MAP.h : warning C4819: The file contains a character that cannot be represented in the current code page (936). Save the file in Unicode format to prevent data loss
     1>LineProcessor.cpp(1494): warning C4018: '<=' : signed/unsigned mismatch
     1>LineProcessor.cpp(1500): warning C4018: '<=' : signed/unsigned mismatch
     1>LineProcessor.cpp(1726): warning C4018: '>=' : signed/unsigned mismatch
         main.cpp
     1>d:\wsy\opencv-2.1.0\build\include\opencv\cvcompat.h(803): warning C4819: The file contains a character that cannot be represented in the current code page (936). Save the file in Unicode format to prevent data loss
     1>d:\backup\visual studio 2013\projects\autonomousdrivingplanning\lineprocess\MAP.h : warning C4819: The file contains a character that cannot be represented in the current code page (936). Save the file in Unicode format to prevent data loss
       Link:
         C:\Program Files (x86)\Microsoft Visual Studio 12.0\VC\bin\link.exe /ERRORREPORT:PROMPT /OUT:"D:\BackUp\Visual Studio 2013\Projects\AutonomousDrivingPlanning\Release\LineProcess.exe" /INCREMENTAL:NO /NOLOGO /LIBPATH:..\lib\tinyxml /LIBPATH:C:\msys32\mingw32\bin /LIBPATH:C:\msys32\mingw32\lib /LIBPATH:..\lib\CoordinateTrans /LIBPATH:"D:\wsy\OpenCV-2.1.0\build\lib" /LIBPATH:"C:\Program Files (x86)\lcm\bin" /LIBPATH:"C:\Program Files (x86)\lcm\lib" /LIBPATH:D:\cmake\boost_1_60_0\stage\lib cv210.lib cxcore210.lib highgui210.lib tinyxml2.lib "C:\msys32\mingw32\lib\libglib-2.0.dll.a" lcm.lib CoordinateTrans.lib kernel32.lib user32.lib gdi32.lib winspool.lib comdlg32.lib advapi32.lib shell32.lib ole32.lib oleaut32.lib uuid.lib odbc32.lib odbccp32.lib /MANIFEST /MANIFESTUAC:"level='asInvoker' uiAccess='false'" /manifest:embed /DEBUG /PDB:"D:\BackUp\Visual Studio 2013\Projects\AutonomousDrivingPlanning\Release\LineProcess.pdb" /SUBSYSTEM:CONSOLE /OPT:REF /OPT:ICF /LTCG /TLBID:1 /DYNAMICBASE /NXCOMPAT /IMPLIB:"D:\BackUp\Visual Studio 2013\Projects\AutonomousDrivingPlanning\Release\LineProcess.lib" /MACHINE:X86 /SAFESEH Release\DoubleLinkedList.obj
         Release\LCMHandler.obj
         Release\LCMSubscriber.obj
         Release\LineProcessor.obj
         Release\main.obj
         Release\MapGraph.obj
         Generating code
         Finished generating code
         LineProcess.vcxproj -> D:\BackUp\Visual Studio 2013\Projects\AutonomousDrivingPlanning\Release\LineProcess.exe
     1>Done Building Project "D:\BackUp\Visual Studio 2013\Projects\AutonomousDrivingPlanning\LineProcess\LineProcess.vcxproj" (Build target(s)).

Build succeeded.

Time Elapsed 00:00:12.73
