d:\backup\visual studio 2013\projects\autonomousdrivingplanning\planning\debug\vc120.pdb
d:\backup\visual studio 2013\projects\autonomousdrivingplanning\planning\debug\vehplanning.obj
d:\backup\visual studio 2013\projects\autonomousdrivingplanning\planning\debug\vehicleinfo.obj
d:\backup\visual studio 2013\projects\autonomousdrivingplanning\planning\debug\vehcontrol.obj
d:\backup\visual studio 2013\projects\autonomousdrivingplanning\planning\debug\rtkinfo.obj
d:\backup\visual studio 2013\projects\autonomousdrivingplanning\planning\debug\qtgraphicdraw.obj
d:\backup\visual studio 2013\projects\autonomousdrivingplanning\planning\debug\processmap.obj
d:\backup\visual studio 2013\projects\autonomousdrivingplanning\planning\debug\perceptionobstacles.obj
d:\backup\visual studio 2013\projects\autonomousdrivingplanning\planning\debug\perceptionlines.obj
d:\backup\visual studio 2013\projects\autonomousdrivingplanning\planning\debug\navigationpathplanner.obj
d:\backup\visual studio 2013\projects\autonomousdrivingplanning\planning\debug\mapgraph.obj
d:\backup\visual studio 2013\projects\autonomousdrivingplanning\planning\debug\mainwindow.obj
d:\backup\visual studio 2013\projects\autonomousdrivingplanning\planning\debug\main.obj
d:\backup\visual studio 2013\projects\autonomousdrivingplanning\planning\debug\moc_vehplanning.obj
d:\backup\visual studio 2013\projects\autonomousdrivingplanning\planning\debug\moc_mainwindow.obj
d:\backup\visual studio 2013\projects\autonomousdrivingplanning\planning\debug\qrc_mainwindow.obj
d:\backup\visual studio 2013\projects\autonomousdrivingplanning\planning\debug\scenespeedplanner.obj
d:\backup\visual studio 2013\projects\autonomousdrivingplanning\planning\generatedfiles\qrc_mainwindow.cpp
d:\backup\visual studio 2013\projects\autonomousdrivingplanning\planning\generatedfiles\debug\moc_vehplanning.cpp
d:\backup\visual studio 2013\projects\autonomousdrivingplanning\planning\generatedfiles\debug\moc_mainwindow.cpp
d:\backup\visual studio 2013\projects\autonomousdrivingplanning\planning\generatedfiles\ui_mainwindow.h
d:\backup\visual studio 2013\projects\autonomousdrivingplanning\win32\debug\planning.ilk
d:\backup\visual studio 2013\projects\autonomousdrivingplanning\win32\debug\planning.exe
d:\backup\visual studio 2013\projects\autonomousdrivingplanning\win32\debug\planning.pdb
d:\backup\visual studio 2013\projects\autonomousdrivingplanning\planning\debug\planning.tlog\cl.command.1.tlog
d:\backup\visual studio 2013\projects\autonomousdrivingplanning\planning\debug\planning.tlog\cl.read.1.tlog
d:\backup\visual studio 2013\projects\autonomousdrivingplanning\planning\debug\planning.tlog\cl.write.1.tlog
d:\backup\visual studio 2013\projects\autonomousdrivingplanning\planning\debug\planning.tlog\custombuild.command.1.tlog
d:\backup\visual studio 2013\projects\autonomousdrivingplanning\planning\debug\planning.tlog\custombuild.read.1.tlog
d:\backup\visual studio 2013\projects\autonomousdrivingplanning\planning\debug\planning.tlog\custombuild.write.1.tlog
d:\backup\visual studio 2013\projects\autonomousdrivingplanning\planning\debug\planning.tlog\link.command.1.tlog
d:\backup\visual studio 2013\projects\autonomousdrivingplanning\planning\debug\planning.tlog\link.read.1.tlog
d:\backup\visual studio 2013\projects\autonomousdrivingplanning\planning\debug\planning.tlog\link.write.1.tlog
