Build started 2017/12/24 16:36:36.
     1>Project "D:\BackUp\Visual Studio 2013\Projects\AutonomousDrivingPlanning\Planning\Planning.vcxproj" on node 2 (Build target(s)).
     1>ClCompile:
         C:\Program Files (x86)\Microsoft Visual Studio 12.0\VC\bin\CL.exe /c /I"D:\wsy\OpenCV-2.1.0\build\include" /I..\lib\tinyxml /I..\header_msg /ID:\cmake\boost_1_60_0 /I"C:\msys32\mingw32\lib\glib-2.0\include" /I"C:\msys32\mingw32\include\glib-2.0" /I"C:\Program Files (x86)\lcm\include" /I.\GeneratedFiles /I. /ID:\Qt\Qt5.5.1\5.5\msvc2013\include /I.\GeneratedFiles\Debug /ID:\Qt\Qt5.5.1\5.5\msvc2013\include\QtCore /ID:\Qt\Qt5.5.1\5.5\msvc2013\include\QtGui /ID:\Qt\Qt5.5.1\5.5\msvc2013\include\QtNetwork /ID:\Qt\Qt5.5.1\5.5\msvc2013\include\QtWidgets /ID:\Qt\Qt5.5.1\5.5\msvc2013\include\QtXml /Zi /nologo /W1 /WX- /Od /Oy- /D UNICODE /D WIN32 /D WIN64 /D QT_DLL /D QT_CORE_LIB /D QT_GUI_LIB /D QT_NETWORK_LIB /D QT_WIDGETS_LIB /D QT_XML_LIB /Gm- /EHsc /MDd /GS /fp:precise /Zc:wchar_t /Zc:forScope /Fo"Debug\\" /Fd"Debug\vc120.pdb" /Gd /TP /analyze- /errorReport:prompt GeneratedFiles\Debug\moc_mainwindow.cpp GeneratedFiles\Debug\moc_VehPlanning.cpp main.cpp mainwindow.cpp NavigationPathPlanner.cpp PerceptionObstacles.cpp QtGraphicDraw.cpp VehPlanning.cpp
         moc_mainwindow.cpp
         moc_VehPlanning.cpp
         main.cpp
         mainwindow.cpp
         NavigationPathPlanner.cpp
         PerceptionObstacles.cpp
         QtGraphicDraw.cpp
         VehPlanning.cpp
         Generating Code...
     1>d:\backup\visual studio 2013\projects\autonomousdrivingplanning\planning\vehplanning.cpp(802): warning C4715: 'CVehPlanning::SocialBehaviorSpeed' : not all control paths return a value
       Link:
         C:\Program Files (x86)\Microsoft Visual Studio 12.0\VC\bin\link.exe /ERRORREPORT:PROMPT /OUT:"D:\BackUp\Visual Studio 2013\Projects\AutonomousDrivingPlanning\Win32\Debug\\Planning.exe" /NOLOGO /LIBPATH:"D:\wsy\OpenCV-2.1.0\build\lib" /LIBPATH:..\lib\tinyxml /LIBPATH:..\lib\CoordinateTrans /LIBPATH:D:\cmake\boost_1_60_0\stage\lib /LIBPATH:C:\msys32\mingw32\bin /LIBPATH:C:\msys32\mingw32\lib /LIBPATH:"C:\Program Files (x86)\lcm\lib" /LIBPATH:"C:\Program Files (x86)\lcm\bin" /LIBPATH:D:\Qt\Qt5.5.1\5.5\msvc2013\lib qtmaind.lib Qt5Cored.lib Qt5Guid.lib Qt5Networkd.lib Qt5Widgetsd.lib Qt5Xmld.lib "C:\msys32\mingw32\lib\libglib-2.0.dll.a" lcm.lib CoordinateTrans.lib tinyxml2d.lib cv210d.lib cxcore210d.lib highgui210d.lib kernel32.lib user32.lib gdi32.lib winspool.lib comdlg32.lib advapi32.lib shell32.lib ole32.lib oleaut32.lib uuid.lib odbc32.lib odbccp32.lib /MANIFEST /MANIFESTUAC:"level='asInvoker' uiAccess='false'" /manifest:embed /DEBUG /PDB:"D:\BackUp\Visual Studio 2013\Projects\AutonomousDrivingPlanning\Win32\Debug\Planning.pdb" /SUBSYSTEM:CONSOLE /TLBID:1 /DYNAMICBASE /NXCOMPAT /IMPLIB:"D:\BackUp\Visual Studio 2013\Projects\AutonomousDrivingPlanning\Win32\Debug\Planning.lib" /MACHINE:X86 /SAFESEH Debug\moc_mainwindow.obj
         Debug\moc_VehPlanning.obj
         Debug\qrc_mainwindow.obj
         Debug\main.obj
         Debug\mainwindow.obj
         Debug\MapGraph.obj
         Debug\NavigationPathPlanner.obj
         Debug\PerceptionLines.obj
         Debug\PerceptionObstacles.obj
         Debug\QtGraphicDraw.obj
         Debug\RTKInfo.obj
         Debug\SceneSpeedPlanner.obj
         Debug\VehControl.obj
         Debug\VehicleInfo.obj
         Debug\VehPlanning.obj
         Planning.vcxproj -> D:\BackUp\Visual Studio 2013\Projects\AutonomousDrivingPlanning\Win32\Debug\Planning.exe
     1>Done Building Project "D:\BackUp\Visual Studio 2013\Projects\AutonomousDrivingPlanning\Planning\Planning.vcxproj" (Build target(s)).

Build succeeded.

Time Elapsed 00:01:13.33
